<?xml version="1.0" encoding="UTF-8" ?>
<testsuites name="vitest tests" tests="8" failures="0" errors="0" time="0.352998144">
    <testsuite name="src/App/ProcessInstance/ProcessInstanceHeader/ProcessInstanceOperations.test.tsx" timestamp="2025-12-02T10:19:30.904Z" hostname="runnervmg1sw1" tests="8" failures="0" errors="0" skipped="0" time="0.352998144">
        <testcase classname="src/App/ProcessInstance/ProcessInstanceHeader/ProcessInstanceOperations.test.tsx" name="ProcessInstanceOperations &gt; should render operations for active instance with incident" time="0.094772091">
        </testcase>
        <testcase classname="src/App/ProcessInstance/ProcessInstanceHeader/ProcessInstanceOperations.test.tsx" name="ProcessInstanceOperations &gt; should render operations for active instance without incident" time="0.019664965">
        </testcase>
        <testcase classname="src/App/ProcessInstance/ProcessInstanceHeader/ProcessInstanceOperations.test.tsx" name="ProcessInstanceOperations &gt; should render delete operation for terminated instance" time="0.005516364">
        </testcase>
        <testcase classname="src/App/ProcessInstance/ProcessInstanceHeader/ProcessInstanceOperations.test.tsx" name="ProcessInstanceOperations &gt; should hide operations when modification mode is enabled" time="0.004098515">
        </testcase>
        <testcase classname="src/App/ProcessInstance/ProcessInstanceHeader/ProcessInstanceOperations.test.tsx" name="ProcessInstanceOperations &gt; should show notification on cancel error" time="0.123608891">
        </testcase>
        <testcase classname="src/App/ProcessInstance/ProcessInstanceHeader/ProcessInstanceOperations.test.tsx" name="ProcessInstanceOperations &gt; should show notification on resolve incident error" time="0.035516664">
        </testcase>
        <testcase classname="src/App/ProcessInstance/ProcessInstanceHeader/ProcessInstanceOperations.test.tsx" name="ProcessInstanceOperations &gt; should show notification on resolve incident permission error" time="0.031489953">
        </testcase>
        <testcase classname="src/App/ProcessInstance/ProcessInstanceHeader/ProcessInstanceOperations.test.tsx" name="ProcessInstanceOperations &gt; should show notification on delete operation error" time="0.034762105">
        </testcase>
    </testsuite>
</testsuites>
